using csv file: plants1.csv
creating virtual environment venoo
virtual environment activated successfully
processin plant: noam...
processin plant: maria...
backup created at: Backups/Diagrams_20250313_185524.tar.gz
script execution completed.
using csv file: plants1.csv
virtual environment activated successfully
processin plant: noam...
processin plant: maria...
backup created at: Backups/Diagrams_20250313_185909.tar.gz
script execution completed.
using csv file: plants1.csv
removing old plant folders..
virtual environment activated successfully!!
processing plant: noam...
processing plant: maria...
backup created at: NewBackups/Diagrams_20250313_191905.tar.gz
script execution completed
using csv file: plants1.csv
removing old plant folders..
virtual environment activated successfully!!
processing plant: noam...
processing plant: maria...
backup created at: Backups/Diagrams_20250313_191938.tar.gz
script execution completed
